<html>
<head>
<title>TestNG:  Default test</title>
<link href="../testng.css" rel="stylesheet" type="text/css" />
<link href="../my-testng.css" rel="stylesheet" type="text/css" />

<style type="text/css">
.log { display: none;} 
.stack-trace { display: none;} 
</style>
<script type="text/javascript">
<!--
function flip(e) {
  current = e.style.display;
  if (current == 'block') {
    e.style.display = 'none';
    return 0;
  }
  else {
    e.style.display = 'block';
    return 1;
  }
}

function toggleBox(szDivId, elem, msg1, msg2)
{
  var res = -1;  if (document.getElementById) {
    res = flip(document.getElementById(szDivId));
  }
  else if (document.all) {
    // this is the way old msie versions work
    res = flip(document.all[szDivId]);
  }
  if(elem) {
    if(res == 0) elem.innerHTML = msg1; else elem.innerHTML = msg2;
  }

}

function toggleAllBoxes() {
  if (document.getElementsByTagName) {
    d = document.getElementsByTagName('div');
    for (i = 0; i < d.length; i++) {
      if (d[i].className == 'log') {
        flip(d[i]);
      }
    }
  }
}

// -->
</script>

</head>
<body>
<h2 align='center'>Default test</h2><table border='1' align="center">
<tr>
<td>Tests passed/Failed/Skipped:</td><td>3/1/0</td>
</tr><tr>
<td>Started on:</td><td>Mon Nov 18 18:33:23 EST 2019</td>
</tr>
<tr><td>Total time:</td><td>30 seconds (30859 ms)</td>
</tr><tr>
<td>Included groups:</td><td></td>
</tr><tr>
<td>Excluded groups:</td><td></td>
</tr>
</table><p/>
<small><i>(Hover the method name to see the test class name)</i></small><p/>
<table width='100%' border='1' class='invocation-failed'>
<tr><td colspan='4' align='center'><b>FAILED TESTS</b></td></tr>
<tr><td><b>Test method</b></td>
<td width="30%"><b>Exception</b></td>
<td width="10%"><b>Time (seconds)</b></td>
<td><b>Instance</b></td>
</tr>
<tr>
<td title='stepDefinitionPack.TestRunnerTest.runScenario()'><b>runScenario</b><br>Test class: stepDefinitionPack.TestRunnerTest<br>Test method: Runs Cucumber Scenarios<br>Parameters: "I want to create new account in Facebook signup webpage", "Facebook SignUp functionality"<br/>
<a href="#Output-1182985125" onClick='toggleBox("Output-1182985125", this, "Show output", "Hide output");'>Show output</a>

<a href="#Output-1182985125" onClick="toggleAllBoxes();">Show all outputs</a>
<div class='log' id="Output-1182985125">
<div "result">I am on facebook signup webpage (PASSED : 2s)</div><br/>
<div "result">I enter firstname &quot;Ataur&quot; in Firstname Textbox, lastname &quot;Tarafder&quot; in lastnameTextbox, email &quot;super@yahoo.com&quot; in email Textbox (PASSED : 0s)</div><br/>
<div "result">I click on SignUp button (FAILED : 0s)</div><br/>
<div "result">I should create new account successfully (SKIPPED)</div><br/>
</div>
</td>
<td><div><pre>org.openqa.selenium.ElementNotInteractableException: element not interactable
  (Session info: chrome=78.0.3904.97)
Build info: version: &apos;3.141.59&apos;, revision: &apos;e82be7d358&apos;, time: &apos;2018-11-14T08:17:03&apos;
System info: host: &apos;LAPTOP-DFS515IC&apos;, ip: &apos;192.168.1.23&apos;, os.name: &apos;Windows 10&apos;, os.arch: &apos;amd64&apos;, os.version: &apos;10.0&apos;, java.version: &apos;12.0.2&apos;
Driver info: org.openqa.selenium.chrome.ChromeDriver
Capabilities {acceptInsecureCerts: false, browserName: chrome, browserVersion: 78.0.3904.97, chrome: {chromedriverVersion: 78.0.3904.70 (edb9c9f3de024..., userDataDir: C:\Users\shobu\AppData\Loca...}, goog:chromeOptions: {debuggerAddress: localhost:61968}, javascriptEnabled: true, networkConnectionEnabled: false, pageLoadStrategy: normal, platform: XP, platformName: XP, proxy: Proxy(), setWindowRect: true, strictFileInteractability: false, timeouts: {implicit: 0, pageLoad: 300000, script: 30000}, unhandledPromptBehavior: dismiss and notify}
Session ID: e312f4c3b34874287cee1c3386520448
	at java.base/jdk.internal.reflect.NativeConstructorAccessorImpl.newInstance0(Native Method)
	at java.base/jdk.internal.reflect.NativeConstructorAccessorImpl.newInstance(NativeConstructorAccessorImpl.java:62)
	at java.base/jdk.internal.reflect.DelegatingConstructorAccessorImpl.newInstance(DelegatingConstructorAccessorImpl.java:45)
	at java.base/java.lang.reflect.Constructor.newInstanceWithCaller(Constructor.java:500)
	at java.base/java.lang.reflect.Constructor.newInstance(Constructor.java:481)
	at org.openqa.selenium.remote.http.W3CHttpResponseCodec.createException(W3CHttpResponseCodec.java:187)
	at org.openqa.selenium.remote.http.W3CHttpResponseCodec.decode(W3CHttpResponseCodec.java:122)
	at org.openqa.selenium.remote.http.W3CHttpResponseCodec.decode(W3CHttpResponseCodec.java:49)
	at org.openqa.selenium.remote.HttpCommandExecutor.execute(HttpCommandExecutor.java:158)
	at org.openqa.selenium.remote.service.DriverCommandExecutor.execute(DriverCommandExecutor.java:83)
	at org.openqa.selenium.remote.RemoteWebDriver.execute(RemoteWebDriver.java:552)
	at org.openqa.selenium.remote.RemoteWebElement.execute(RemoteWebElement.java:285)
	at org.openqa.selenium.remote.RemoteWebElement.click(RemoteWebElement.java:84)
	at stepDefinitionPack.FacebookStepDefinition.i_click_on_SignUp_button(FacebookStepDefinition.java:39)
	at ?.I click on SignUp button(src/test/resources/Features/Facebook.feature:9)
</pre></div><a href='#' onClick='toggleBox("stack-trace1182985125", this, "Click to show all stack frames", "Click to hide stack frames")'>Click to show all stack frames</a>
<div class='stack-trace' id='stack-trace1182985125'><pre>org.openqa.selenium.ElementNotInteractableException: element not interactable
  (Session info: chrome=78.0.3904.97)
Build info: version: &apos;3.141.59&apos;, revision: &apos;e82be7d358&apos;, time: &apos;2018-11-14T08:17:03&apos;
System info: host: &apos;LAPTOP-DFS515IC&apos;, ip: &apos;192.168.1.23&apos;, os.name: &apos;Windows 10&apos;, os.arch: &apos;amd64&apos;, os.version: &apos;10.0&apos;, java.version: &apos;12.0.2&apos;
Driver info: org.openqa.selenium.chrome.ChromeDriver
Capabilities {acceptInsecureCerts: false, browserName: chrome, browserVersion: 78.0.3904.97, chrome: {chromedriverVersion: 78.0.3904.70 (edb9c9f3de024..., userDataDir: C:\Users\shobu\AppData\Loca...}, goog:chromeOptions: {debuggerAddress: localhost:61968}, javascriptEnabled: true, networkConnectionEnabled: false, pageLoadStrategy: normal, platform: XP, platformName: XP, proxy: Proxy(), setWindowRect: true, strictFileInteractability: false, timeouts: {implicit: 0, pageLoad: 300000, script: 30000}, unhandledPromptBehavior: dismiss and notify}
Session ID: e312f4c3b34874287cee1c3386520448
	at java.base/jdk.internal.reflect.NativeConstructorAccessorImpl.newInstance0(Native Method)
	at java.base/jdk.internal.reflect.NativeConstructorAccessorImpl.newInstance(NativeConstructorAccessorImpl.java:62)
	at java.base/jdk.internal.reflect.DelegatingConstructorAccessorImpl.newInstance(DelegatingConstructorAccessorImpl.java:45)
	at java.base/java.lang.reflect.Constructor.newInstanceWithCaller(Constructor.java:500)
	at java.base/java.lang.reflect.Constructor.newInstance(Constructor.java:481)
	at org.openqa.selenium.remote.http.W3CHttpResponseCodec.createException(W3CHttpResponseCodec.java:187)
	at org.openqa.selenium.remote.http.W3CHttpResponseCodec.decode(W3CHttpResponseCodec.java:122)
	at org.openqa.selenium.remote.http.W3CHttpResponseCodec.decode(W3CHttpResponseCodec.java:49)
	at org.openqa.selenium.remote.HttpCommandExecutor.execute(HttpCommandExecutor.java:158)
	at org.openqa.selenium.remote.service.DriverCommandExecutor.execute(DriverCommandExecutor.java:83)
	at org.openqa.selenium.remote.RemoteWebDriver.execute(RemoteWebDriver.java:552)
	at org.openqa.selenium.remote.RemoteWebElement.execute(RemoteWebElement.java:285)
	at org.openqa.selenium.remote.RemoteWebElement.click(RemoteWebElement.java:84)
	at stepDefinitionPack.FacebookStepDefinition.i_click_on_SignUp_button(FacebookStepDefinition.java:39)
	at ?.I click on SignUp button(src/test/resources/Features/Facebook.feature:9)
</pre></div></td>
<td>10</td>
<td>stepDefinitionPack.TestRunnerTest@6b26e945</td></tr>
</table><p>
<table width='100%' border='1' class='invocation-passed'>
<tr><td colspan='4' align='center'><b>PASSED TESTS</b></td></tr>
<tr><td><b>Test method</b></td>
<td width="30%"><b>Exception</b></td>
<td width="10%"><b>Time (seconds)</b></td>
<td><b>Instance</b></td>
</tr>
<tr>
<td title='stepDefinitionPack.TestRunnerTest.runScenario()'><b>runScenario</b><br>Test class: stepDefinitionPack.TestRunnerTest<br>Test method: Runs Cucumber Scenarios<br>Parameters: "", "Fund transfer functionality"<br/>
<a href="#Output-1649026294" onClick='toggleBox("Output-1649026294", this, "Show output", "Hide output");'>Show output</a>

<a href="#Output-1649026294" onClick="toggleAllBoxes();">Show all outputs</a>
<div class='log' id="Output-1649026294">
<div "result">I am on fund transfer webpage (PASSED : 0s)</div><br/>
<div "result">I select valid payee &quot;Jim&quot; (PASSED : 0s)</div><br/>
<div "result">I enter valid amount &quot;600&quot; (PASSED : 0s)</div><br/>
<div "result">I click on transfer button (PASSED : 0s)</div><br/>
<div "result">I should get success message &quot;$600 transferred successfully to Jim!!&quot; (PASSED : 0s)</div><br/>
</div>
</td>
<td></td>
<td>6</td>
<td>stepDefinitionPack.TestRunnerTest@6b26e945</td></tr>
<tr>
<td title='stepDefinitionPack.TestRunnerTest.runScenario()'><b>runScenario</b><br>Test class: stepDefinitionPack.TestRunnerTest<br>Test method: Runs Cucumber Scenarios<br>Parameters: "", "Fund transfer functionality"<br/>
<a href="#Output-1235155342" onClick='toggleBox("Output-1235155342", this, "Show output", "Hide output");'>Show output</a>

<a href="#Output-1235155342" onClick="toggleAllBoxes();">Show all outputs</a>
<div class='log' id="Output-1235155342">
<div "result">I am on fund transfer webpage (PASSED : 0s)</div><br/>
<div "result">I select valid payee &quot;Jim&quot; (PASSED : 0s)</div><br/>
<div "result">I enter invalid amount &quot;6000&quot; (PASSED : 0s)</div><br/>
<div "result">I click on transfer button (PASSED : 0s)</div><br/>
<div "result">I should get fail message &quot;Transfer failed!! account cannot be overdrawn&quot; (PASSED : 0s)</div><br/>
</div>
</td>
<td></td>
<td>6</td>
<td>stepDefinitionPack.TestRunnerTest@6b26e945</td></tr>
<tr>
<td title='stepDefinitionPack.TestRunnerTest.runScenario()'><b>runScenario</b><br>Test class: stepDefinitionPack.TestRunnerTest<br>Test method: Runs Cucumber Scenarios<br>Parameters: "", "Fund transfer functionality"<br/>
<a href="#Output-1064315206" onClick='toggleBox("Output-1064315206", this, "Show output", "Hide output");'>Show output</a>

<a href="#Output-1064315206" onClick="toggleAllBoxes();">Show all outputs</a>
<div class='log' id="Output-1064315206">
<div "result">I am on fund transfer webpage (PASSED : 0s)</div><br/>
<div "result">I select invalid payee &quot;John&quot; (PASSED : 0s)</div><br/>
<div "result">I enter valid amount &quot;800&quot; (PASSED : 0s)</div><br/>
<div "result">I click on transfer button (PASSED : 0s)</div><br/>
<div "result">I should get fail message &quot;Transfer failed!! &#x27;John&#x27; is not approved. Please contact your branch&quot; (PASSED : 0s)</div><br/>
</div>
</td>
<td></td>
<td>6</td>
<td>stepDefinitionPack.TestRunnerTest@6b26e945</td></tr>
</table><p>
</body>
</html>